2024-07-20 14:44:49,834 [Worker-5: Loading available Gradle versions] INFO  o.e.b.c.i.u.g.PublishedGradleVersions - Gradle version information cache is out-of-date. Trying to update.
2024-07-20 14:44:50,238 [Worker-5: Loading available Gradle versions] INFO  o.e.b.c.i.u.g.PublishedGradleVersions - Updating Gradle version information cache failed. Using outdated cache.
2024-07-22 12:52:10,536 [Worker-6: Loading available Gradle versions] INFO  o.e.b.c.i.u.g.PublishedGradleVersions - Gradle version information cache is out-of-date. Trying to update.
2024-07-22 14:50:07,443 [Worker-1: Loading available Gradle versions] INFO  o.e.b.c.i.u.g.PublishedGradleVersions - Gradle version information cache is up-to-date. Trying to read.
2024-07-23 14:37:35,995 [Worker-0: Loading available Gradle versions] INFO  o.e.b.c.i.u.g.PublishedGradleVersions - Gradle version information cache is out-of-date. Trying to update.
2024-07-23 14:37:36,609 [Worker-0: Loading available Gradle versions] INFO  o.e.b.c.i.u.g.PublishedGradleVersions - Updating Gradle version information cache failed. Using outdated cache.
2024-07-24 14:39:20,805 [Worker-4: Loading available Gradle versions] INFO  o.e.b.c.i.u.g.PublishedGradleVersions - Gradle version information cache is out-of-date. Trying to update.
2024-07-24 14:39:21,200 [Worker-4: Loading available Gradle versions] INFO  o.e.b.c.i.u.g.PublishedGradleVersions - Updating Gradle version information cache failed. Using outdated cache.
2024-07-26 15:15:43,224 [Worker-2: Loading available Gradle versions] INFO  o.e.b.c.i.u.g.PublishedGradleVersions - Gradle version information cache is out-of-date. Trying to update.
2024-07-29 09:34:20,577 [Worker-4: Loading available Gradle versions] INFO  o.e.b.c.i.u.g.PublishedGradleVersions - Gradle version information cache is out-of-date. Trying to update.
2024-07-29 11:19:01,978 [Worker-3: Loading available Gradle versions] INFO  o.e.b.c.i.u.g.PublishedGradleVersions - Gradle version information cache is up-to-date. Trying to read.
2024-07-29 15:16:04,460 [Worker-4: Loading available Gradle versions] INFO  o.e.b.c.i.u.g.PublishedGradleVersions - Gradle version information cache is up-to-date. Trying to read.
2024-07-30 14:46:41,509 [Worker-5: Loading available Gradle versions] INFO  o.e.b.c.i.u.g.PublishedGradleVersions - Gradle version information cache is out-of-date. Trying to update.
2024-07-30 14:46:41,900 [Worker-5: Loading available Gradle versions] INFO  o.e.b.c.i.u.g.PublishedGradleVersions - Updating Gradle version information cache failed. Using outdated cache.
2024-08-01 14:40:10,125 [Worker-4: Loading available Gradle versions] INFO  o.e.b.c.i.u.g.PublishedGradleVersions - Gradle version information cache is out-of-date. Trying to update.
2024-08-01 14:40:10,496 [Worker-4: Loading available Gradle versions] INFO  o.e.b.c.i.u.g.PublishedGradleVersions - Updating Gradle version information cache failed. Using outdated cache.
2024-08-01 15:47:40,788 [Worker-2: Loading available Gradle versions] INFO  o.e.b.c.i.u.g.PublishedGradleVersions - Gradle version information cache is out-of-date. Trying to update.
2024-08-01 15:52:07,445 [Worker-11: Launching mavenrun-9a594d84-adf8-4cd7-b214-f46d8dba697b] INFO  o.eclipse.m2e.core.internal.Bundles - getClasspathEntries(Bundle=org.eclipse.m2e.maven.runtime_3.8.604.20221130-2149 [606])
2024-08-01 15:52:07,451 [Worker-11: Launching mavenrun-9a594d84-adf8-4cd7-b214-f46d8dba697b] INFO  o.eclipse.m2e.core.internal.Bundles - 	Entry: C:\Users\Sanjay Jadhav\Downloads\eclipse-jee-2022-12-R-win32-x86_64\eclipse\plugins\org.eclipse.m2e.maven.runtime_3.8.604.20221130-2149
2024-08-01 15:52:07,451 [Worker-11: Launching mavenrun-9a594d84-adf8-4cd7-b214-f46d8dba697b] INFO  o.eclipse.m2e.core.internal.Bundles - 	Entry: C:\Users\Sanjay Jadhav\Downloads\eclipse-jee-2022-12-R-win32-x86_64\eclipse\plugins\org.eclipse.m2e.maven.runtime_3.8.604.20221130-2149\jars\aether-connector-okhttp-0.17.8.jar
2024-08-01 15:52:07,452 [Worker-11: Launching mavenrun-9a594d84-adf8-4cd7-b214-f46d8dba697b] INFO  o.eclipse.m2e.core.internal.Bundles - 	Entry: C:\Users\Sanjay Jadhav\Downloads\eclipse-jee-2022-12-R-win32-x86_64\eclipse\plugins\org.eclipse.m2e.maven.runtime_3.8.604.20221130-2149\jars\commons-cli-1.4.jar
2024-08-01 15:52:07,452 [Worker-11: Launching mavenrun-9a594d84-adf8-4cd7-b214-f46d8dba697b] INFO  o.eclipse.m2e.core.internal.Bundles - 	Entry: C:\Users\Sanjay Jadhav\Downloads\eclipse-jee-2022-12-R-win32-x86_64\eclipse\plugins\org.eclipse.m2e.maven.runtime_3.8.604.20221130-2149\jars\commons-io-2.6.jar
2024-08-01 15:52:07,452 [Worker-11: Launching mavenrun-9a594d84-adf8-4cd7-b214-f46d8dba697b] INFO  o.eclipse.m2e.core.internal.Bundles - 	Entry: C:\Users\Sanjay Jadhav\Downloads\eclipse-jee-2022-12-R-win32-x86_64\eclipse\plugins\org.eclipse.m2e.maven.runtime_3.8.604.20221130-2149\jars\commons-lang3-3.8.1.jar
2024-08-01 15:52:07,452 [Worker-11: Launching mavenrun-9a594d84-adf8-4cd7-b214-f46d8dba697b] INFO  o.eclipse.m2e.core.internal.Bundles - 	Entry: C:\Users\Sanjay Jadhav\Downloads\eclipse-jee-2022-12-R-win32-x86_64\eclipse\plugins\org.eclipse.m2e.maven.runtime_3.8.604.20221130-2149\jars\guice-4.2.2-no_aop.jar
2024-08-01 15:52:07,452 [Worker-11: Launching mavenrun-9a594d84-adf8-4cd7-b214-f46d8dba697b] INFO  o.eclipse.m2e.core.internal.Bundles - 	Entry: C:\Users\Sanjay Jadhav\Downloads\eclipse-jee-2022-12-R-win32-x86_64\eclipse\plugins\org.eclipse.m2e.maven.runtime_3.8.604.20221130-2149\jars\jansi-2.4.0.jar
2024-08-01 15:52:07,452 [Worker-11: Launching mavenrun-9a594d84-adf8-4cd7-b214-f46d8dba697b] INFO  o.eclipse.m2e.core.internal.Bundles - 	Entry: C:\Users\Sanjay Jadhav\Downloads\eclipse-jee-2022-12-R-win32-x86_64\eclipse\plugins\org.eclipse.m2e.maven.runtime_3.8.604.20221130-2149\jars\maven-artifact-3.8.6.jar
2024-08-01 15:52:07,453 [Worker-11: Launching mavenrun-9a594d84-adf8-4cd7-b214-f46d8dba697b] INFO  o.eclipse.m2e.core.internal.Bundles - 	Entry: C:\Users\Sanjay Jadhav\Downloads\eclipse-jee-2022-12-R-win32-x86_64\eclipse\plugins\org.eclipse.m2e.maven.runtime_3.8.604.20221130-2149\jars\maven-builder-support-3.8.6.jar
2024-08-01 15:52:07,453 [Worker-11: Launching mavenrun-9a594d84-adf8-4cd7-b214-f46d8dba697b] INFO  o.eclipse.m2e.core.internal.Bundles - 	Entry: C:\Users\Sanjay Jadhav\Downloads\eclipse-jee-2022-12-R-win32-x86_64\eclipse\plugins\org.eclipse.m2e.maven.runtime_3.8.604.20221130-2149\jars\maven-compat-3.8.6.jar
2024-08-01 15:52:07,453 [Worker-11: Launching mavenrun-9a594d84-adf8-4cd7-b214-f46d8dba697b] INFO  o.eclipse.m2e.core.internal.Bundles - 	Entry: C:\Users\Sanjay Jadhav\Downloads\eclipse-jee-2022-12-R-win32-x86_64\eclipse\plugins\org.eclipse.m2e.maven.runtime_3.8.604.20221130-2149\jars\maven-core-3.8.6.jar
2024-08-01 15:52:07,453 [Worker-11: Launching mavenrun-9a594d84-adf8-4cd7-b214-f46d8dba697b] INFO  o.eclipse.m2e.core.internal.Bundles - 	Entry: C:\Users\Sanjay Jadhav\Downloads\eclipse-jee-2022-12-R-win32-x86_64\eclipse\plugins\org.eclipse.m2e.maven.runtime_3.8.604.20221130-2149\jars\maven-embedder-3.8.6.jar
2024-08-01 15:52:07,453 [Worker-11: Launching mavenrun-9a594d84-adf8-4cd7-b214-f46d8dba697b] INFO  o.eclipse.m2e.core.internal.Bundles - 	Entry: C:\Users\Sanjay Jadhav\Downloads\eclipse-jee-2022-12-R-win32-x86_64\eclipse\plugins\org.eclipse.m2e.maven.runtime_3.8.604.20221130-2149\jars\maven-model-3.8.6.jar
2024-08-01 15:52:07,453 [Worker-11: Launching mavenrun-9a594d84-adf8-4cd7-b214-f46d8dba697b] INFO  o.eclipse.m2e.core.internal.Bundles - 	Entry: C:\Users\Sanjay Jadhav\Downloads\eclipse-jee-2022-12-R-win32-x86_64\eclipse\plugins\org.eclipse.m2e.maven.runtime_3.8.604.20221130-2149\jars\maven-model-builder-3.8.6.jar
2024-08-01 15:52:07,453 [Worker-11: Launching mavenrun-9a594d84-adf8-4cd7-b214-f46d8dba697b] INFO  o.eclipse.m2e.core.internal.Bundles - 	Entry: C:\Users\Sanjay Jadhav\Downloads\eclipse-jee-2022-12-R-win32-x86_64\eclipse\plugins\org.eclipse.m2e.maven.runtime_3.8.604.20221130-2149\jars\maven-plugin-api-3.8.6.jar
2024-08-01 15:52:07,453 [Worker-11: Launching mavenrun-9a594d84-adf8-4cd7-b214-f46d8dba697b] INFO  o.eclipse.m2e.core.internal.Bundles - 	Entry: C:\Users\Sanjay Jadhav\Downloads\eclipse-jee-2022-12-R-win32-x86_64\eclipse\plugins\org.eclipse.m2e.maven.runtime_3.8.604.20221130-2149\jars\maven-repository-metadata-3.8.6.jar
2024-08-01 15:52:07,454 [Worker-11: Launching mavenrun-9a594d84-adf8-4cd7-b214-f46d8dba697b] INFO  o.eclipse.m2e.core.internal.Bundles - 	Entry: C:\Users\Sanjay Jadhav\Downloads\eclipse-jee-2022-12-R-win32-x86_64\eclipse\plugins\org.eclipse.m2e.maven.runtime_3.8.604.20221130-2149\jars\maven-resolver-api-1.6.3.jar
2024-08-01 15:52:07,454 [Worker-11: Launching mavenrun-9a594d84-adf8-4cd7-b214-f46d8dba697b] INFO  o.eclipse.m2e.core.internal.Bundles - 	Entry: C:\Users\Sanjay Jadhav\Downloads\eclipse-jee-2022-12-R-win32-x86_64\eclipse\plugins\org.eclipse.m2e.maven.runtime_3.8.604.20221130-2149\jars\maven-resolver-connector-basic-1.6.3.jar
2024-08-01 15:52:07,454 [Worker-11: Launching mavenrun-9a594d84-adf8-4cd7-b214-f46d8dba697b] INFO  o.eclipse.m2e.core.internal.Bundles - 	Entry: C:\Users\Sanjay Jadhav\Downloads\eclipse-jee-2022-12-R-win32-x86_64\eclipse\plugins\org.eclipse.m2e.maven.runtime_3.8.604.20221130-2149\jars\maven-resolver-impl-1.6.3.jar
2024-08-01 15:52:07,454 [Worker-11: Launching mavenrun-9a594d84-adf8-4cd7-b214-f46d8dba697b] INFO  o.eclipse.m2e.core.internal.Bundles - 	Entry: C:\Users\Sanjay Jadhav\Downloads\eclipse-jee-2022-12-R-win32-x86_64\eclipse\plugins\org.eclipse.m2e.maven.runtime_3.8.604.20221130-2149\jars\maven-resolver-provider-3.8.6.jar
2024-08-01 15:52:07,454 [Worker-11: Launching mavenrun-9a594d84-adf8-4cd7-b214-f46d8dba697b] INFO  o.eclipse.m2e.core.internal.Bundles - 	Entry: C:\Users\Sanjay Jadhav\Downloads\eclipse-jee-2022-12-R-win32-x86_64\eclipse\plugins\org.eclipse.m2e.maven.runtime_3.8.604.20221130-2149\jars\maven-resolver-spi-1.6.3.jar
2024-08-01 15:52:07,454 [Worker-11: Launching mavenrun-9a594d84-adf8-4cd7-b214-f46d8dba697b] INFO  o.eclipse.m2e.core.internal.Bundles - 	Entry: C:\Users\Sanjay Jadhav\Downloads\eclipse-jee-2022-12-R-win32-x86_64\eclipse\plugins\org.eclipse.m2e.maven.runtime_3.8.604.20221130-2149\jars\maven-resolver-transport-wagon-1.6.3.jar
2024-08-01 15:52:07,455 [Worker-11: Launching mavenrun-9a594d84-adf8-4cd7-b214-f46d8dba697b] INFO  o.eclipse.m2e.core.internal.Bundles - 	Entry: C:\Users\Sanjay Jadhav\Downloads\eclipse-jee-2022-12-R-win32-x86_64\eclipse\plugins\org.eclipse.m2e.maven.runtime_3.8.604.20221130-2149\jars\maven-resolver-util-1.6.3.jar
2024-08-01 15:52:07,455 [Worker-11: Launching mavenrun-9a594d84-adf8-4cd7-b214-f46d8dba697b] INFO  o.eclipse.m2e.core.internal.Bundles - 	Entry: C:\Users\Sanjay Jadhav\Downloads\eclipse-jee-2022-12-R-win32-x86_64\eclipse\plugins\org.eclipse.m2e.maven.runtime_3.8.604.20221130-2149\jars\maven-settings-3.8.6.jar
2024-08-01 15:52:07,455 [Worker-11: Launching mavenrun-9a594d84-adf8-4cd7-b214-f46d8dba697b] INFO  o.eclipse.m2e.core.internal.Bundles - 	Entry: C:\Users\Sanjay Jadhav\Downloads\eclipse-jee-2022-12-R-win32-x86_64\eclipse\plugins\org.eclipse.m2e.maven.runtime_3.8.604.20221130-2149\jars\maven-settings-builder-3.8.6.jar
2024-08-01 15:52:07,455 [Worker-11: Launching mavenrun-9a594d84-adf8-4cd7-b214-f46d8dba697b] INFO  o.eclipse.m2e.core.internal.Bundles - 	Entry: C:\Users\Sanjay Jadhav\Downloads\eclipse-jee-2022-12-R-win32-x86_64\eclipse\plugins\org.eclipse.m2e.maven.runtime_3.8.604.20221130-2149\jars\maven-shared-utils-3.3.4.jar
2024-08-01 15:52:07,455 [Worker-11: Launching mavenrun-9a594d84-adf8-4cd7-b214-f46d8dba697b] INFO  o.eclipse.m2e.core.internal.Bundles - 	Entry: C:\Users\Sanjay Jadhav\Downloads\eclipse-jee-2022-12-R-win32-x86_64\eclipse\plugins\org.eclipse.m2e.maven.runtime_3.8.604.20221130-2149\jars\okhttp-3.14.1.jar
2024-08-01 15:52:07,455 [Worker-11: Launching mavenrun-9a594d84-adf8-4cd7-b214-f46d8dba697b] INFO  o.eclipse.m2e.core.internal.Bundles - 	Entry: C:\Users\Sanjay Jadhav\Downloads\eclipse-jee-2022-12-R-win32-x86_64\eclipse\plugins\org.eclipse.m2e.maven.runtime_3.8.604.20221130-2149\jars\okio-1.17.3.jar
2024-08-01 15:52:07,455 [Worker-11: Launching mavenrun-9a594d84-adf8-4cd7-b214-f46d8dba697b] INFO  o.eclipse.m2e.core.internal.Bundles - 	Entry: C:\Users\Sanjay Jadhav\Downloads\eclipse-jee-2022-12-R-win32-x86_64\eclipse\plugins\org.eclipse.m2e.maven.runtime_3.8.604.20221130-2149\jars\org.eclipse.sisu.inject-0.3.5.jar
2024-08-01 15:52:07,456 [Worker-11: Launching mavenrun-9a594d84-adf8-4cd7-b214-f46d8dba697b] INFO  o.eclipse.m2e.core.internal.Bundles - 	Entry: C:\Users\Sanjay Jadhav\Downloads\eclipse-jee-2022-12-R-win32-x86_64\eclipse\plugins\org.eclipse.m2e.maven.runtime_3.8.604.20221130-2149\jars\org.eclipse.sisu.plexus-0.3.5.jar
2024-08-01 15:52:07,456 [Worker-11: Launching mavenrun-9a594d84-adf8-4cd7-b214-f46d8dba697b] INFO  o.eclipse.m2e.core.internal.Bundles - 	Entry: C:\Users\Sanjay Jadhav\Downloads\eclipse-jee-2022-12-R-win32-x86_64\eclipse\plugins\org.eclipse.m2e.maven.runtime_3.8.604.20221130-2149\jars\plexus-build-api-0.0.7.jar
2024-08-01 15:52:07,456 [Worker-11: Launching mavenrun-9a594d84-adf8-4cd7-b214-f46d8dba697b] INFO  o.eclipse.m2e.core.internal.Bundles - 	Entry: C:\Users\Sanjay Jadhav\Downloads\eclipse-jee-2022-12-R-win32-x86_64\eclipse\plugins\org.eclipse.m2e.maven.runtime_3.8.604.20221130-2149\jars\plexus-cipher-2.0.jar
2024-08-01 15:52:07,456 [Worker-11: Launching mavenrun-9a594d84-adf8-4cd7-b214-f46d8dba697b] INFO  o.eclipse.m2e.core.internal.Bundles - 	Entry: C:\Users\Sanjay Jadhav\Downloads\eclipse-jee-2022-12-R-win32-x86_64\eclipse\plugins\org.eclipse.m2e.maven.runtime_3.8.604.20221130-2149\jars\plexus-classworlds-2.6.0.jar
2024-08-01 15:52:07,456 [Worker-11: Launching mavenrun-9a594d84-adf8-4cd7-b214-f46d8dba697b] INFO  o.eclipse.m2e.core.internal.Bundles - 	Entry: C:\Users\Sanjay Jadhav\Downloads\eclipse-jee-2022-12-R-win32-x86_64\eclipse\plugins\org.eclipse.m2e.maven.runtime_3.8.604.20221130-2149\jars\plexus-component-annotations-2.1.0.jar
2024-08-01 15:52:07,457 [Worker-11: Launching mavenrun-9a594d84-adf8-4cd7-b214-f46d8dba697b] INFO  o.eclipse.m2e.core.internal.Bundles - 	Entry: C:\Users\Sanjay Jadhav\Downloads\eclipse-jee-2022-12-R-win32-x86_64\eclipse\plugins\org.eclipse.m2e.maven.runtime_3.8.604.20221130-2149\jars\plexus-interpolation-1.26.jar
2024-08-01 15:52:07,457 [Worker-11: Launching mavenrun-9a594d84-adf8-4cd7-b214-f46d8dba697b] INFO  o.eclipse.m2e.core.internal.Bundles - 	Entry: C:\Users\Sanjay Jadhav\Downloads\eclipse-jee-2022-12-R-win32-x86_64\eclipse\plugins\org.eclipse.m2e.maven.runtime_3.8.604.20221130-2149\jars\plexus-sec-dispatcher-2.0.jar
2024-08-01 15:52:07,457 [Worker-11: Launching mavenrun-9a594d84-adf8-4cd7-b214-f46d8dba697b] INFO  o.eclipse.m2e.core.internal.Bundles - 	Entry: C:\Users\Sanjay Jadhav\Downloads\eclipse-jee-2022-12-R-win32-x86_64\eclipse\plugins\org.eclipse.m2e.maven.runtime_3.8.604.20221130-2149\jars\plexus-utils-3.3.1.jar
2024-08-01 15:52:07,457 [Worker-11: Launching mavenrun-9a594d84-adf8-4cd7-b214-f46d8dba697b] INFO  o.eclipse.m2e.core.internal.Bundles - 	Entry: C:\Users\Sanjay Jadhav\Downloads\eclipse-jee-2022-12-R-win32-x86_64\eclipse\plugins\org.eclipse.m2e.maven.runtime_3.8.604.20221130-2149\jars\wagon-file-3.5.1.jar
2024-08-01 15:52:07,457 [Worker-11: Launching mavenrun-9a594d84-adf8-4cd7-b214-f46d8dba697b] INFO  o.eclipse.m2e.core.internal.Bundles - 	Entry: C:\Users\Sanjay Jadhav\Downloads\eclipse-jee-2022-12-R-win32-x86_64\eclipse\plugins\org.eclipse.m2e.maven.runtime_3.8.604.20221130-2149\jars\wagon-provider-api-3.5.1.jar
2024-08-01 15:52:07,459 [Worker-11: Launching mavenrun-9a594d84-adf8-4cd7-b214-f46d8dba697b] INFO  o.eclipse.m2e.core.internal.Bundles - getClasspathEntries(Bundle=com.google.guava_30.1.0.v20221112-0806 [10])
2024-08-01 15:52:07,461 [Worker-11: Launching mavenrun-9a594d84-adf8-4cd7-b214-f46d8dba697b] INFO  o.eclipse.m2e.core.internal.Bundles - 	Entry: C:\Users\Sanjay Jadhav\Downloads\eclipse-jee-2022-12-R-win32-x86_64\eclipse\plugins\com.google.guava_30.1.0.v20221112-0806.jar
2024-08-01 15:52:07,461 [Worker-11: Launching mavenrun-9a594d84-adf8-4cd7-b214-f46d8dba697b] INFO  o.eclipse.m2e.core.internal.Bundles - getClasspathEntries(Bundle=slf4j.api_1.7.36 [918])
2024-08-01 15:52:07,462 [Worker-11: Launching mavenrun-9a594d84-adf8-4cd7-b214-f46d8dba697b] INFO  o.eclipse.m2e.core.internal.Bundles - 	Entry: C:\Users\Sanjay Jadhav\Downloads\eclipse-jee-2022-12-R-win32-x86_64\eclipse\plugins\slf4j.api_1.7.36.jar
2024-08-01 15:52:07,462 [Worker-11: Launching mavenrun-9a594d84-adf8-4cd7-b214-f46d8dba697b] INFO  o.eclipse.m2e.core.internal.Bundles - getClasspathEntries(Bundle=javax.inject_1.0.0.v20220405-0441 [32])
2024-08-01 15:52:07,463 [Worker-11: Launching mavenrun-9a594d84-adf8-4cd7-b214-f46d8dba697b] INFO  o.eclipse.m2e.core.internal.Bundles - 	Entry: C:\Users\Sanjay Jadhav\Downloads\eclipse-jee-2022-12-R-win32-x86_64\eclipse\plugins\javax.inject_1.0.0.v20220405-0441.jar
2024-08-01 15:52:07,463 [Worker-11: Launching mavenrun-9a594d84-adf8-4cd7-b214-f46d8dba697b] INFO  o.eclipse.m2e.core.internal.Bundles - getClasspathEntries(Bundle=javax.annotation_1.3.5.v20221112-0806 [30])
2024-08-01 15:52:07,464 [Worker-11: Launching mavenrun-9a594d84-adf8-4cd7-b214-f46d8dba697b] INFO  o.eclipse.m2e.core.internal.Bundles - 	Entry: C:\Users\Sanjay Jadhav\Downloads\eclipse-jee-2022-12-R-win32-x86_64\eclipse\plugins\javax.annotation_1.3.5.v20221112-0806.jar
2024-08-01 15:52:07,468 [Worker-11: Launching mavenrun-9a594d84-adf8-4cd7-b214-f46d8dba697b] INFO  o.e.m.i.launch.MavenLaunchDelegate - Run build in "C:\Users\SANJAY~1\AppData\Local\Temp\m2e-archetypeGenerator8689951629518691287":
2024-08-01 15:52:07,471 [Worker-11: Launching mavenrun-9a594d84-adf8-4cd7-b214-f46d8dba697b] INFO  o.e.m.i.launch.MavenLaunchDelegate -  mvn  -DarchetypeGroupId=org.apache.maven.archetypes -DarchetypeArtifactId=maven-archetype-quickstart -DarchetypeVersion=1.4 -DgroupId=com.jspiders -DartifactId=hibernate -Dversion=0.0.1-SNAPSHOT -Dpackage=com.jspiders.hibernate -DoutputDirectory=D:\Qspider -B -Dstyle.color=always -U archetype:generate
2024-08-01 15:53:05,725 [Worker-22: Creating maven-archetype-quickstart] INFO  o.e.m.c.i.p.ProjectConfigurationManager - Collecting project info '/pom.xml' D:\Qspider\hibernate\pom.xml
2024-08-01 15:53:06,962 [Worker-22: Creating maven-archetype-quickstart] INFO  o.e.m.c.i.l.LifecycleMappingFactory - Using org.eclipse.m2e.jdt.JarLifecycleMapping lifecycle mapping for MavenProject: com.jspiders:hibernate:0.0.1-SNAPSHOT @ D:\Qspider\hibernate\pom.xml.
2024-08-01 15:53:07,839 [Worker-22: Creating maven-archetype-quickstart] INFO  o.e.m.j.i.AbstractJavaProjectConfigurator - Adding source folder /hibernate/src/main/java
2024-08-01 15:53:07,842 [Worker-22: Creating maven-archetype-quickstart] INFO  o.e.m.j.i.AbstractJavaProjectConfigurator - Adding source folder /hibernate/src/test/java
2024-08-01 15:53:07,968 [Worker-22: Creating maven-archetype-quickstart] INFO  o.e.m.c.i.p.ProjectConfigurationManager - Imported and configured 1 project(s) in 2 sec
2024-08-01 15:53:08,511 [Worker-21: Building] INFO  o.e.m.c.i.embedder.EclipseLogger - Using 'UTF-8' encoding to copy filtered resources.
2024-08-01 15:53:08,512 [Worker-21: Building] INFO  o.e.m.c.i.embedder.EclipseLogger - skip non existing resourceDirectory D:\Qspider\hibernate\src\main\resources
2024-08-01 15:53:08,515 [Worker-21: Building] INFO  o.e.m.c.i.embedder.EclipseLogger - Using 'UTF-8' encoding to copy filtered resources.
2024-08-01 15:53:08,515 [Worker-21: Building] INFO  o.e.m.c.i.embedder.EclipseLogger - skip non existing resourceDirectory D:\Qspider\hibernate\src\test\resources
2024-08-01 15:58:11,573 [Worker-29: Building] INFO  o.e.m.c.i.l.LifecycleMappingFactory - Using org.eclipse.m2e.jdt.JarLifecycleMapping lifecycle mapping for MavenProject: com.jspiders:hibernate:0.0.1-SNAPSHOT @ D:\Qspider\hibernate\pom.xml.
2024-08-01 15:58:12,159 [Worker-29: Building] INFO  o.e.m.c.i.embedder.EclipseLogger - Using 'UTF-8' encoding to copy filtered resources.
2024-08-01 15:58:12,159 [Worker-29: Building] INFO  o.e.m.c.i.embedder.EclipseLogger - skip non existing resourceDirectory D:\Qspider\hibernate\src\main\resources
2024-08-01 15:58:12,163 [Worker-29: Building] INFO  o.e.m.c.i.embedder.EclipseLogger - Using 'UTF-8' encoding to copy filtered resources.
2024-08-01 15:58:12,164 [Worker-29: Building] INFO  o.e.m.c.i.embedder.EclipseLogger - skip non existing resourceDirectory D:\Qspider\hibernate\src\test\resources
2024-08-01 15:58:14,149 [Worker-29: Building] INFO  o.e.m.c.i.embedder.EclipseLogger - Using 'UTF-8' encoding to copy filtered resources.
2024-08-01 15:58:14,149 [Worker-29: Building] INFO  o.e.m.c.i.embedder.EclipseLogger - skip non existing resourceDirectory D:\Qspider\hibernate\src\main\resources
2024-08-01 15:58:14,152 [Worker-29: Building] INFO  o.e.m.c.i.embedder.EclipseLogger - Using 'UTF-8' encoding to copy filtered resources.
2024-08-01 15:58:14,152 [Worker-29: Building] INFO  o.e.m.c.i.embedder.EclipseLogger - skip non existing resourceDirectory D:\Qspider\hibernate\src\test\resources
2024-08-03 09:50:38,644 [Worker-0: Loading available Gradle versions] INFO  o.e.b.c.i.u.g.PublishedGradleVersions - Gradle version information cache is out-of-date. Trying to update.
2024-08-03 09:58:38,220 [Worker-4: Loading available Gradle versions] INFO  o.e.b.c.i.u.g.PublishedGradleVersions - Gradle version information cache is up-to-date. Trying to read.
2024-08-03 15:18:24,950 [Worker-2: Loading available Gradle versions] INFO  o.e.b.c.i.u.g.PublishedGradleVersions - Gradle version information cache is up-to-date. Trying to read.
2024-08-03 15:21:01,510 [Worker-13: Building] INFO  o.e.m.c.i.embedder.EclipseLogger - Using 'UTF-8' encoding to copy filtered resources.
2024-08-03 15:21:01,514 [Worker-13: Building] INFO  o.e.m.c.i.embedder.EclipseLogger - skip non existing resourceDirectory D:\Qspider\hibernate\src\main\resources
2024-08-03 15:21:01,519 [Worker-13: Building] INFO  o.e.m.c.i.embedder.EclipseLogger - Using 'UTF-8' encoding to copy filtered resources.
2024-08-03 15:21:01,519 [Worker-13: Building] INFO  o.e.m.c.i.embedder.EclipseLogger - skip non existing resourceDirectory D:\Qspider\hibernate\src\test\resources
2024-08-03 15:21:24,967 [Worker-13: Building] INFO  o.e.m.c.i.embedder.EclipseLogger - Using 'UTF-8' encoding to copy filtered resources.
2024-08-03 15:21:24,968 [Worker-13: Building] INFO  o.e.m.c.i.embedder.EclipseLogger - skip non existing resourceDirectory D:\Qspider\hibernate\src\main\resources
2024-08-03 15:21:24,970 [Worker-13: Building] INFO  o.e.m.c.i.embedder.EclipseLogger - Using 'UTF-8' encoding to copy filtered resources.
2024-08-03 15:21:24,971 [Worker-13: Building] INFO  o.e.m.c.i.embedder.EclipseLogger - skip non existing resourceDirectory D:\Qspider\hibernate\src\test\resources
2024-08-03 15:21:40,672 [Worker-13: Building] INFO  o.e.m.c.i.embedder.EclipseLogger - Using 'UTF-8' encoding to copy filtered resources.
2024-08-03 15:21:40,672 [Worker-13: Building] INFO  o.e.m.c.i.embedder.EclipseLogger - skip non existing resourceDirectory D:\Qspider\hibernate\src\main\resources
2024-08-03 15:21:40,674 [Worker-13: Building] INFO  o.e.m.c.i.embedder.EclipseLogger - Using 'UTF-8' encoding to copy filtered resources.
2024-08-03 15:21:40,675 [Worker-13: Building] INFO  o.e.m.c.i.embedder.EclipseLogger - skip non existing resourceDirectory D:\Qspider\hibernate\src\test\resources
2024-08-03 15:21:59,071 [Worker-23: Building] INFO  o.e.m.c.i.embedder.EclipseLogger - Using 'UTF-8' encoding to copy filtered resources.
2024-08-03 15:21:59,071 [Worker-23: Building] INFO  o.e.m.c.i.embedder.EclipseLogger - skip non existing resourceDirectory D:\Qspider\hibernate\src\main\resources
2024-08-03 15:21:59,073 [Worker-23: Building] INFO  o.e.m.c.i.embedder.EclipseLogger - Using 'UTF-8' encoding to copy filtered resources.
2024-08-03 15:21:59,073 [Worker-23: Building] INFO  o.e.m.c.i.embedder.EclipseLogger - skip non existing resourceDirectory D:\Qspider\hibernate\src\test\resources
2024-08-03 15:24:07,471 [Worker-13: Building] INFO  o.e.m.c.i.embedder.EclipseLogger - Using 'UTF-8' encoding to copy filtered resources.
2024-08-03 15:24:07,471 [Worker-13: Building] INFO  o.e.m.c.i.embedder.EclipseLogger - skip non existing resourceDirectory D:\Qspider\hibernate\src\main\resources
2024-08-03 15:24:07,474 [Worker-13: Building] INFO  o.e.m.c.i.embedder.EclipseLogger - Using 'UTF-8' encoding to copy filtered resources.
2024-08-03 15:24:07,474 [Worker-13: Building] INFO  o.e.m.c.i.embedder.EclipseLogger - skip non existing resourceDirectory D:\Qspider\hibernate\src\test\resources
2024-08-03 15:24:31,519 [Worker-23: Building] INFO  o.e.m.c.i.embedder.EclipseLogger - Using 'UTF-8' encoding to copy filtered resources.
2024-08-03 15:24:31,519 [Worker-23: Building] INFO  o.e.m.c.i.embedder.EclipseLogger - skip non existing resourceDirectory D:\Qspider\hibernate\src\main\resources
2024-08-03 15:24:31,524 [Worker-23: Building] INFO  o.e.m.c.i.embedder.EclipseLogger - Using 'UTF-8' encoding to copy filtered resources.
2024-08-03 15:24:31,524 [Worker-23: Building] INFO  o.e.m.c.i.embedder.EclipseLogger - skip non existing resourceDirectory D:\Qspider\hibernate\src\test\resources
2024-08-03 15:24:57,218 [Worker-13: Building] INFO  o.e.m.c.i.embedder.EclipseLogger - Using 'UTF-8' encoding to copy filtered resources.
2024-08-03 15:24:57,218 [Worker-13: Building] INFO  o.e.m.c.i.embedder.EclipseLogger - skip non existing resourceDirectory D:\Qspider\hibernate\src\main\resources
2024-08-03 15:24:57,221 [Worker-13: Building] INFO  o.e.m.c.i.embedder.EclipseLogger - Using 'UTF-8' encoding to copy filtered resources.
2024-08-03 15:24:57,222 [Worker-13: Building] INFO  o.e.m.c.i.embedder.EclipseLogger - skip non existing resourceDirectory D:\Qspider\hibernate\src\test\resources
2024-08-03 15:25:25,736 [Worker-25: Building] INFO  o.e.m.c.i.embedder.EclipseLogger - Using 'UTF-8' encoding to copy filtered resources.
2024-08-03 15:25:25,737 [Worker-25: Building] INFO  o.e.m.c.i.embedder.EclipseLogger - skip non existing resourceDirectory D:\Qspider\hibernate\src\main\resources
2024-08-03 15:25:25,740 [Worker-25: Building] INFO  o.e.m.c.i.embedder.EclipseLogger - Using 'UTF-8' encoding to copy filtered resources.
2024-08-03 15:25:25,741 [Worker-25: Building] INFO  o.e.m.c.i.embedder.EclipseLogger - skip non existing resourceDirectory D:\Qspider\hibernate\src\test\resources
2024-08-03 15:25:58,617 [Worker-13: Building] INFO  o.e.m.c.i.embedder.EclipseLogger - Using 'UTF-8' encoding to copy filtered resources.
2024-08-03 15:25:58,626 [Worker-13: Building] INFO  o.e.m.c.i.embedder.EclipseLogger - Copying 0 resource
2024-08-03 15:25:58,628 [Worker-13: Building] INFO  o.e.m.c.i.embedder.EclipseLogger - Using 'UTF-8' encoding to copy filtered resources.
2024-08-03 15:25:58,628 [Worker-13: Building] INFO  o.e.m.c.i.embedder.EclipseLogger - skip non existing resourceDirectory D:\Qspider\hibernate\src\test\resources
2024-08-03 15:27:47,256 [Worker-24: Building] INFO  o.e.m.c.i.embedder.EclipseLogger - Using 'UTF-8' encoding to copy filtered resources.
2024-08-03 15:27:47,257 [Worker-24: Building] INFO  o.e.m.c.i.embedder.EclipseLogger - Copying 0 resource
2024-08-03 15:27:47,259 [Worker-24: Building] INFO  o.e.m.c.i.embedder.EclipseLogger - Using 'UTF-8' encoding to copy filtered resources.
2024-08-03 15:27:47,260 [Worker-24: Building] INFO  o.e.m.c.i.embedder.EclipseLogger - skip non existing resourceDirectory D:\Qspider\hibernate\src\test\resources
2024-08-03 15:28:19,316 [Worker-13: Building] INFO  o.e.m.c.i.embedder.EclipseLogger - Using 'UTF-8' encoding to copy filtered resources.
2024-08-03 15:28:19,317 [Worker-13: Building] INFO  o.e.m.c.i.embedder.EclipseLogger - Copying 1 resource
2024-08-03 15:28:19,328 [Worker-13: Building] INFO  o.e.m.c.i.embedder.EclipseLogger - Using 'UTF-8' encoding to copy filtered resources.
2024-08-03 15:28:19,328 [Worker-13: Building] INFO  o.e.m.c.i.embedder.EclipseLogger - skip non existing resourceDirectory D:\Qspider\hibernate\src\test\resources
2024-08-03 15:29:03,623 [Worker-25: Building] INFO  o.e.m.c.i.embedder.EclipseLogger - Using 'UTF-8' encoding to copy filtered resources.
2024-08-03 15:29:03,623 [Worker-25: Building] INFO  o.e.m.c.i.embedder.EclipseLogger - Copying 1 resource
2024-08-03 15:29:03,631 [Worker-25: Building] INFO  o.e.m.c.i.embedder.EclipseLogger - Using 'UTF-8' encoding to copy filtered resources.
2024-08-03 15:29:03,632 [Worker-25: Building] INFO  o.e.m.c.i.embedder.EclipseLogger - skip non existing resourceDirectory D:\Qspider\hibernate\src\test\resources
2024-08-03 15:31:35,036 [Worker-25: Building] INFO  o.e.m.c.i.embedder.EclipseLogger - Using 'UTF-8' encoding to copy filtered resources.
2024-08-03 15:31:35,045 [Worker-25: Building] INFO  o.e.m.c.i.embedder.EclipseLogger - Copying 1 resource
2024-08-03 15:31:35,048 [Worker-25: Building] INFO  o.e.m.c.i.embedder.EclipseLogger - Using 'UTF-8' encoding to copy filtered resources.
2024-08-03 15:31:35,048 [Worker-25: Building] INFO  o.e.m.c.i.embedder.EclipseLogger - skip non existing resourceDirectory D:\Qspider\hibernate\src\test\resources
2024-08-03 15:32:33,524 [Worker-25: Building] INFO  o.e.m.c.i.embedder.EclipseLogger - Using 'UTF-8' encoding to copy filtered resources.
2024-08-03 15:32:33,524 [Worker-25: Building] INFO  o.e.m.c.i.embedder.EclipseLogger - skip non existing resourceDirectory D:\Qspider\hibernate\src\main\resources
2024-08-03 15:32:33,528 [Worker-25: Building] INFO  o.e.m.c.i.embedder.EclipseLogger - Using 'UTF-8' encoding to copy filtered resources.
2024-08-03 15:32:33,528 [Worker-25: Building] INFO  o.e.m.c.i.embedder.EclipseLogger - skip non existing resourceDirectory D:\Qspider\hibernate\src\test\resources
2024-08-03 15:32:34,596 [Worker-27: Building] INFO  o.e.m.c.i.embedder.EclipseLogger - Using 'UTF-8' encoding to copy filtered resources.
2024-08-03 15:32:34,597 [Worker-27: Building] INFO  o.e.m.c.i.embedder.EclipseLogger - skip non existing resourceDirectory D:\Qspider\hibernate\src\main\resources
2024-08-03 15:32:34,602 [Worker-27: Building] INFO  o.e.m.c.i.embedder.EclipseLogger - Using 'UTF-8' encoding to copy filtered resources.
2024-08-03 15:32:34,603 [Worker-27: Building] INFO  o.e.m.c.i.embedder.EclipseLogger - skip non existing resourceDirectory D:\Qspider\hibernate\src\test\resources
2024-08-03 15:32:43,791 [Worker-23: Building] INFO  o.e.m.c.i.embedder.EclipseLogger - Using 'UTF-8' encoding to copy filtered resources.
2024-08-03 15:32:43,792 [Worker-23: Building] INFO  o.e.m.c.i.embedder.EclipseLogger - Copying 1 resource
2024-08-03 15:32:43,795 [Worker-23: Building] INFO  o.e.m.c.i.embedder.EclipseLogger - Using 'UTF-8' encoding to copy filtered resources.
2024-08-03 15:32:43,795 [Worker-23: Building] INFO  o.e.m.c.i.embedder.EclipseLogger - skip non existing resourceDirectory D:\Qspider\hibernate\src\test\resources
2024-08-03 15:39:10,885 [Worker-13: Building] INFO  o.e.m.c.i.embedder.EclipseLogger - Using 'UTF-8' encoding to copy filtered resources.
2024-08-03 15:39:10,886 [Worker-13: Building] INFO  o.e.m.c.i.embedder.EclipseLogger - Copying 1 resource
2024-08-03 15:39:10,888 [Worker-13: Building] INFO  o.e.m.c.i.embedder.EclipseLogger - Using 'UTF-8' encoding to copy filtered resources.
2024-08-03 15:39:10,888 [Worker-13: Building] INFO  o.e.m.c.i.embedder.EclipseLogger - skip non existing resourceDirectory D:\Qspider\hibernate\src\test\resources
2024-08-03 15:51:26,292 [Worker-32: Building] INFO  o.e.m.c.i.embedder.EclipseLogger - Using 'UTF-8' encoding to copy filtered resources.
2024-08-03 15:51:26,293 [Worker-32: Building] INFO  o.e.m.c.i.embedder.EclipseLogger - Copying 1 resource
2024-08-03 15:51:26,294 [Worker-32: Building] INFO  o.e.m.c.i.embedder.EclipseLogger - Using 'UTF-8' encoding to copy filtered resources.
2024-08-03 15:51:26,294 [Worker-32: Building] INFO  o.e.m.c.i.embedder.EclipseLogger - skip non existing resourceDirectory D:\Qspider\hibernate\src\test\resources
2024-08-03 15:52:19,770 [Worker-30: Building] INFO  o.e.m.c.i.embedder.EclipseLogger - Using 'UTF-8' encoding to copy filtered resources.
2024-08-03 15:52:19,771 [Worker-30: Building] INFO  o.e.m.c.i.embedder.EclipseLogger - Copying 1 resource
2024-08-03 15:52:19,773 [Worker-30: Building] INFO  o.e.m.c.i.embedder.EclipseLogger - Using 'UTF-8' encoding to copy filtered resources.
2024-08-03 15:52:19,773 [Worker-30: Building] INFO  o.e.m.c.i.embedder.EclipseLogger - skip non existing resourceDirectory D:\Qspider\hibernate\src\test\resources
2024-08-03 15:52:50,555 [Worker-33: Building] INFO  o.e.m.c.i.embedder.EclipseLogger - Using 'UTF-8' encoding to copy filtered resources.
2024-08-03 15:52:50,557 [Worker-33: Building] INFO  o.e.m.c.i.embedder.EclipseLogger - Copying 1 resource
2024-08-03 15:52:50,559 [Worker-33: Building] INFO  o.e.m.c.i.embedder.EclipseLogger - Using 'UTF-8' encoding to copy filtered resources.
2024-08-03 15:52:50,559 [Worker-33: Building] INFO  o.e.m.c.i.embedder.EclipseLogger - skip non existing resourceDirectory D:\Qspider\hibernate\src\test\resources
2024-08-03 15:55:58,742 [Worker-36: Building] INFO  o.e.m.c.i.embedder.EclipseLogger - Using 'UTF-8' encoding to copy filtered resources.
2024-08-03 15:55:58,743 [Worker-36: Building] INFO  o.e.m.c.i.embedder.EclipseLogger - Copying 1 resource
2024-08-03 15:55:58,745 [Worker-36: Building] INFO  o.e.m.c.i.embedder.EclipseLogger - Using 'UTF-8' encoding to copy filtered resources.
2024-08-03 15:55:58,745 [Worker-36: Building] INFO  o.e.m.c.i.embedder.EclipseLogger - skip non existing resourceDirectory D:\Qspider\hibernate\src\test\resources
2024-08-03 16:07:27,252 [Worker-38: Building] INFO  o.e.m.c.i.embedder.EclipseLogger - Using 'UTF-8' encoding to copy filtered resources.
2024-08-03 16:07:27,253 [Worker-38: Building] INFO  o.e.m.c.i.embedder.EclipseLogger - Copying 1 resource
2024-08-03 16:07:27,256 [Worker-38: Building] INFO  o.e.m.c.i.embedder.EclipseLogger - Using 'UTF-8' encoding to copy filtered resources.
2024-08-03 16:07:27,256 [Worker-38: Building] INFO  o.e.m.c.i.embedder.EclipseLogger - skip non existing resourceDirectory D:\Qspider\hibernate\src\test\resources
2024-08-03 16:08:05,116 [Worker-38: Building] INFO  o.e.m.c.i.embedder.EclipseLogger - Using 'UTF-8' encoding to copy filtered resources.
2024-08-03 16:08:05,116 [Worker-38: Building] INFO  o.e.m.c.i.embedder.EclipseLogger - Copying 1 resource
2024-08-03 16:08:05,118 [Worker-38: Building] INFO  o.e.m.c.i.embedder.EclipseLogger - Using 'UTF-8' encoding to copy filtered resources.
2024-08-03 16:08:05,118 [Worker-38: Building] INFO  o.e.m.c.i.embedder.EclipseLogger - skip non existing resourceDirectory D:\Qspider\hibernate\src\test\resources
2024-08-03 16:09:57,798 [Worker-42: Building] INFO  o.e.m.c.i.embedder.EclipseLogger - Using 'UTF-8' encoding to copy filtered resources.
2024-08-03 16:09:57,798 [Worker-42: Building] INFO  o.e.m.c.i.embedder.EclipseLogger - Copying 1 resource
2024-08-03 16:09:57,799 [Worker-42: Building] INFO  o.e.m.c.i.embedder.EclipseLogger - Using 'UTF-8' encoding to copy filtered resources.
2024-08-03 16:09:57,800 [Worker-42: Building] INFO  o.e.m.c.i.embedder.EclipseLogger - skip non existing resourceDirectory D:\Qspider\hibernate\src\test\resources
2024-08-05 09:22:07,401 [Worker-4: Loading available Gradle versions] INFO  o.e.b.c.i.u.g.PublishedGradleVersions - Gradle version information cache is out-of-date. Trying to update.
